<?xml version="1.0" encoding="UTF-8"?>
<!-- Generated by org.testng.reporters.JUnitXMLReporter -->
<testsuite hostname="Acer" ignored="0" name="Default test" tests="4" failures="0" timestamp="06 Aug 2018 18:57:50 GMT" time="231.09" errors="0">
  <testcase name="saveNewContact" time="4.91" classname="com.crm.qa.testcases.ContactsPageTest"/>
  <testcase name="saveNewContact" time="2.976" classname="com.crm.qa.testcases.ContactsPageTest"/>
  <testcase name="saveNewContact" time="3.8" classname="com.crm.qa.testcases.ContactsPageTest"/>
  <testcase name="saveNewContact" time="2.882" classname="com.crm.qa.testcases.ContactsPageTest"/>
</testsuite> <!-- Default test -->
